# JRE version: Java(TM) SE Runtime Environment (8.0_20-b11) (build 1.8.0_20-ea-b11)
# Java VM: Java HotSpot(TM) 64-Bit Server VM (25.20-b10 mixed mode windows-amd64 compressed oops)
Heap:
 PSYoungGen      total 3072K, used 1774K [0x00000000d5900000, 0x00000000d5d00000, 0x0000000100000000)
  eden space 2048K, 49% used [0x00000000d5900000,0x00000000d59fbad8,0x00000000d5b00000)
  from space 1024K, 75% used [0x00000000d5c00000,0x00000000d5cc0040,0x00000000d5d00000)
  to   space 1024K, 0% used [0x00000000d5b00000,0x00000000d5b00000,0x00000000d5c00000)
 ParOldGen       total 129536K, used 497K [0x0000000080a00000, 0x0000000088880000, 0x00000000d5900000)
  object space 129536K, 0% used [0x0000000080a00000,0x0000000080a7c4b8,0x0000000088880000)
 Metaspace       used 4855K, capacity 5168K, committed 5248K, reserved 1056768K
  class space    used 566K, capacity 628K, committed 640K, reserved 1048576K
GC Heap History (10 events):
Event: 0.248 GC heap before
{Heap before GC invocations=2 (full 0):
 PSYoungGen      total 1024K, used 960K [0x00000000d5900000, 0x00000000d5a80000, 0x0000000100000000)
  eden space 512K, 100% used [0x00000000d5900000,0x00000000d5980000,0x00000000d5980000)
  from space 512K, 87% used [0x00000000d5980000,0x00000000d59f0020,0x00000000d5a00000)
  to   space 512K, 0% used [0x00000000d5a00000,0x00000000d5a00000,0x00000000d5a80000)
 ParOldGen       total 129536K, used 8K [0x0000000080a00000, 0x0000000088880000, 0x00000000d5900000)
  object space 129536K, 0% used [0x0000000080a00000,0x0000000080a02000,0x0000000088880000)
 Metaspace       used 2918K, capacity 4564K, committed 4864K, reserved 1056768K
  class space    used 312K, capacity 388K, committed 512K, reserved 1048576K
Event: 0.250 GC heap after
Heap after GC invocations=2 (full 0):
 PSYoungGen      total 1024K, used 496K [0x00000000d5900000, 0x00000000d5b00000, 0x0000000100000000)
  eden space 512K, 0% used [0x00000000d5900000,0x00000000d5900000,0x00000000d5980000)
  from space 512K, 96% used [0x00000000d5a00000,0x00000000d5a7c010,0x00000000d5a80000)
  to   space 512K, 0% used [0x00000000d5980000,0x00000000d5980000,0x00000000d5a00000)
 ParOldGen       total 129536K, used 68K [0x0000000080a00000, 0x0000000088880000, 0x00000000d5900000)
  object space 129536K, 0% used [0x0000000080a00000,0x0000000080a11270,0x0000000088880000)
 Metaspace       used 2918K, capacity 4564K, committed 4864K, reserved 1056768K
  class space    used 312K, capacity 388K, committed 512K, reserved 1048576K
}
Event: 0.279 GC heap before
{Heap before GC invocations=3 (full 0):
 PSYoungGen      total 1024K, used 1008K [0x00000000d5900000, 0x00000000d5b00000, 0x0000000100000000)
  eden space 512K, 100% used [0x00000000d5900000,0x00000000d5980000,0x00000000d5980000)
  from space 512K, 96% used [0x00000000d5a00000,0x00000000d5a7c010,0x00000000d5a80000)
  to   space 512K, 0% used [0x00000000d5980000,0x00000000d5980000,0x00000000d5a00000)
 ParOldGen       total 129536K, used 68K [0x0000000080a00000, 0x0000000088880000, 0x00000000d5900000)
  object space 129536K, 0% used [0x0000000080a00000,0x0000000080a11270,0x0000000088880000)
 Metaspace       used 3052K, capacity 4664K, committed 4864K, reserved 1056768K
  class space    used 328K, capacity 424K, committed 512K, reserved 1048576K
Event: 0.280 GC heap after
Heap after GC invocations=3 (full 0):
 PSYoungGen      total 1024K, used 496K [0x00000000d5900000, 0x00000000d5b00000, 0x0000000100000000)
  eden space 512K, 0% used [0x00000000d5900000,0x00000000d5900000,0x00000000d5980000)
  from space 512K, 96% used [0x00000000d5980000,0x00000000d59fc010,0x00000000d5a00000)
  to   space 512K, 0% used [0x00000000d5a80000,0x00000000d5a80000,0x00000000d5b00000)
 ParOldGen       total 129536K, used 250K [0x0000000080a00000, 0x0000000088880000, 0x00000000d5900000)
  object space 129536K, 0% used [0x0000000080a00000,0x0000000080a3e948,0x0000000088880000)
 Metaspace       used 3052K, capacity 4664K, committed 4864K, reserved 1056768K
  class space    used 328K, capacity 424K, committed 512K, reserved 1048576K
}
Event: 0.327 GC heap before
{Heap before GC invocations=4 (full 0):
 PSYoungGen      total 1024K, used 1008K [0x00000000d5900000, 0x00000000d5b00000, 0x0000000100000000)
  eden space 512K, 100% used [0x00000000d5900000,0x00000000d5980000,0x00000000d5980000)
  from space 512K, 96% used [0x00000000d5980000,0x00000000d59fc010,0x00000000d5a00000)
  to   space 512K, 0% used [0x00000000d5a80000,0x00000000d5a80000,0x00000000d5b00000)
 ParOldGen       total 129536K, used 250K [0x0000000080a00000, 0x0000000088880000, 0x00000000d5900000)
  object space 129536K, 0% used [0x0000000080a00000,0x0000000080a3e948,0x0000000088880000)
 Metaspace       used 3286K, capacity 4728K, committed 4864K, reserved 1056768K
  class space    used 358K, capacity 424K, committed 512K, reserved 1048576K
Event: 0.341 GC heap after
Heap after GC invocations=4 (full 0):
 PSYoungGen      total 1536K, used 496K [0x00000000d5900000, 0x00000000d5b00000, 0x0000000100000000)
  eden space 1024K, 0% used [0x00000000d5900000,0x00000000d5900000,0x00000000d5a00000)
  from space 512K, 96% used [0x00000000d5a80000,0x00000000d5afc010,0x00000000d5b00000)
  to   space 512K, 0% used [0x00000000d5a00000,0x00000000d5a00000,0x00000000d5a80000)
 ParOldGen       total 129536K, used 327K [0x0000000080a00000, 0x0000000088880000, 0x00000000d5900000)
  object space 129536K, 0% used [0x0000000080a00000,0x0000000080a51c20,0x0000000088880000)
 Metaspace       used 3286K, capacity 4728K, committed 4864K, reserved 1056768K
  class space    used 358K, capacity 424K, committed 512K, reserved 1048576K
}
Event: 0.423 GC heap before
{Heap before GC invocations=5 (full 0):
 PSYoungGen      total 1536K, used 1520K [0x00000000d5900000, 0x00000000d5b00000, 0x0000000100000000)
  eden space 1024K, 100% used [0x00000000d5900000,0x00000000d5a00000,0x00000000d5a00000)
  from space 512K, 96% used [0x00000000d5a80000,0x00000000d5afc010,0x00000000d5b00000)
  to   space 512K, 0% used [0x00000000d5a00000,0x00000000d5a00000,0x00000000d5a80000)
 ParOldGen       total 129536K, used 327K [0x0000000080a00000, 0x0000000088880000, 0x00000000d5900000)
  object space 129536K, 0% used [0x0000000080a00000,0x0000000080a51c20,0x0000000088880000)
 Metaspace       used 3882K, capacity 4864K, committed 5120K, reserved 1056768K
  class space    used 444K, capacity 496K, committed 512K, reserved 1048576K
Event: 0.425 GC heap after
Heap after GC invocations=5 (full 0):
 PSYoungGen      total 1536K, used 496K [0x00000000d5900000, 0x00000000d5d00000, 0x0000000100000000)
  eden space 1024K, 0% used [0x00000000d5900000,0x00000000d5900000,0x00000000d5a00000)
  from space 512K, 96% used [0x00000000d5a00000,0x00000000d5a7c030,0x00000000d5a80000)
  to   space 1024K, 0% used [0x00000000d5c00000,0x00000000d5c00000,0x00000000d5d00000)
 ParOldGen       total 129536K, used 489K [0x0000000080a00000, 0x0000000088880000, 0x00000000d5900000)
  object space 129536K, 0% used [0x0000000080a00000,0x0000000080a7a4b8,0x0000000088880000)
 Metaspace       used 3882K, capacity 4864K, committed 5120K, reserved 1056768K
  class space    used 444K, capacity 496K, committed 512K, reserved 1048576K
}
Event: 0.489 GC heap before
{Heap before GC invocations=6 (full 0):
 PSYoungGen      total 1536K, used 1520K [0x00000000d5900000, 0x00000000d5d00000, 0x0000000100000000)
  eden space 1024K, 100% used [0x00000000d5900000,0x00000000d5a00000,0x00000000d5a00000)
  from space 512K, 96% used [0x00000000d5a00000,0x00000000d5a7c030,0x00000000d5a80000)
  to   space 1024K, 0% used [0x00000000d5c00000,0x00000000d5c00000,0x00000000d5d00000)
 ParOldGen       total 129536K, used 489K [0x0000000080a00000, 0x0000000088880000, 0x00000000d5900000)
  object space 129536K, 0% used [0x0000000080a00000,0x0000000080a7a4b8,0x0000000088880000)
 Metaspace       used 4113K, capacity 4992K, committed 5120K, reserved 1056768K
  class space    used 478K, capacity 496K, committed 512K, reserved 1048576K
Event: 0.491 GC heap after
Heap after GC invocations=6 (full 0):
 PSYoungGen      total 3072K, used 768K [0x00000000d5900000, 0x00000000d5d00000, 0x0000000100000000)
  eden space 2048K, 0% used [0x00000000d5900000,0x00000000d5900000,0x00000000d5b00000)
  from space 1024K, 75% used [0x00000000d5c00000,0x00000000d5cc0040,0x00000000d5d00000)
  to   space 1024K, 0% used [0x00000000d5b00000,0x00000000d5b00000,0x00000000d5c00000)
 ParOldGen       total 129536K, used 497K [0x0000000080a00000, 0x0000000088880000, 0x00000000d5900000)
  object space 129536K, 0% used [0x0000000080a00000,0x0000000080a7c4b8,0x0000000088880000)
 Metaspace       used 4113K, capacity 4992K, committed 5120K, reserved 1056768K
  class space    used 478K, capacity 496K, committed 512K, reserved 1048576K
}

